  IndustryEngagementApp.cpp
C:\Users\jbrew\Documents\GitKraken\IndustryEngagement\IndustryEngagementApp\GameInfo.cpp(220,28): warning C4244: 'argument': conversion from 'int' to 'float', possible loss of data
C:\Users\jbrew\Documents\GitKraken\IndustryEngagement\IndustryEngagementApp\GameInfo.cpp(220,25): warning C4244: 'argument': conversion from 'int' to 'float', possible loss of data
C:\Users\jbrew\Documents\GitKraken\IndustryEngagement\IndustryEngagementApp\GameInfo.cpp(249,37): warning C4244: 'argument': conversion from 'int' to 'float', possible loss of data
C:\Users\jbrew\Documents\GitKraken\IndustryEngagement\IndustryEngagementApp\GameInfo.cpp(249,30): warning C4244: 'argument': conversion from 'int' to 'float', possible loss of data
C:\Users\jbrew\Documents\GitKraken\IndustryEngagement\IndustryEngagementApp\GameInfo.cpp(252,37): warning C4244: 'argument': conversion from 'int' to 'float', possible loss of data
C:\Users\jbrew\Documents\GitKraken\IndustryEngagement\IndustryEngagementApp\GameInfo.cpp(252,30): warning C4244: 'argument': conversion from 'int' to 'float', possible loss of data
C:\Users\jbrew\Documents\GitKraken\IndustryEngagement\IndustryEngagementApp\GameInfo.cpp(255,37): warning C4244: 'argument': conversion from 'int' to 'float', possible loss of data
C:\Users\jbrew\Documents\GitKraken\IndustryEngagement\IndustryEngagementApp\GameInfo.cpp(255,30): warning C4244: 'argument': conversion from 'int' to 'float', possible loss of data
C:\Users\jbrew\Documents\GitKraken\IndustryEngagement\IndustryEngagementApp\GameInfo.cpp(274,28): warning C4244: 'argument': conversion from 'float' to 'const unsigned int', possible loss of data
C:\Users\jbrew\Documents\GitKraken\IndustryEngagement\IndustryEngagementApp\GameInfo.cpp(274,48): warning C4244: 'argument': conversion from 'float' to 'const unsigned int', possible loss of data
C:\Users\jbrew\Documents\GitKraken\IndustryEngagement\IndustryEngagementApp\GameInfo.cpp(279,51): warning C4244: 'argument': conversion from 'float' to 'const unsigned int', possible loss of data
C:\Users\jbrew\Documents\GitKraken\IndustryEngagement\IndustryEngagementApp\GameInfo.cpp(279,71): warning C4244: 'argument': conversion from 'float' to 'const unsigned int', possible loss of data
C:\Users\jbrew\Documents\GitKraken\IndustryEngagement\IndustryEngagementApp\GameInfo.cpp(372,48): warning C4244: 'argument': conversion from 'float' to 'const unsigned int', possible loss of data
C:\Users\jbrew\Documents\GitKraken\IndustryEngagement\IndustryEngagementApp\GameInfo.cpp(372,71): warning C4244: 'argument': conversion from 'float' to 'const unsigned int', possible loss of data
LINK : warning LNK4075: ignoring '/INCREMENTAL' due to '/FORCE' specification
GameInfo.obj : warning LNK4006: "public: void __thiscall game::Manager::AddEntity(class game::Entity &)" (?AddEntity@Manager@game@@QAEXAAVEntity@2@@Z) already defined in IndustryEngagementApp.obj; second definition ignored
GameInfo.obj : warning LNK4006: "public: class game::Entity * __thiscall game::Manager::GetEntityAtPos(class game::Vector2)" (?GetEntityAtPos@Manager@game@@QAEPAVEntity@2@VVector2@2@@Z) already defined in IndustryEngagementApp.obj; second definition ignored
GameInfo.obj : warning LNK4006: "int __cdecl game::GetInput(void)" (?GetInput@game@@YAHXZ) already defined in IndustryEngagementApp.obj; second definition ignored
GameInfo.obj : warning LNK4006: "public: void __thiscall game::Manager::RemoveEntity(class game::Entity &)" (?RemoveEntity@Manager@game@@QAEXAAVEntity@2@@Z) already defined in IndustryEngagementApp.obj; second definition ignored
GameInfo.obj : warning LNK4006: "private: static class game::Manager * game::Manager::_instance" (?_instance@Manager@game@@0PAV12@A) already defined in IndustryEngagementApp.obj; second definition ignored
C:\Users\jbrew\Documents\GitKraken\IndustryEngagement\IndustryEngagementApp\Debug\IndustryEngagementApp.exe : warning LNK4088: image being generated due to /FORCE option; image may not run
  IndustryEngagementApp.vcxproj -> C:\Users\jbrew\Documents\GitKraken\IndustryEngagement\IndustryEngagementApp\Debug\IndustryEngagementApp.exe
