c:\users\jjbrewer\documents\gitkraken\industry\industryengagement\industryengagementapp\debug\vc142.pdb
c:\users\jjbrewer\documents\gitkraken\industry\industryengagement\industryengagementapp\debug\vc142.idb
c:\users\jjbrewer\documents\gitkraken\industry\industryengagement\industryengagementapp\debug\industryengagementapp.obj
c:\users\jjbrewer\documents\gitkraken\industry\industryengagement\industryengagementapp\debug\gameinfo.obj
c:\users\jjbrewer\documents\gitkraken\industry\industryengagement\industryengagementapp\debug\industryengagementapp.exe
c:\users\jjbrewer\documents\gitkraken\industry\industryengagement\industryengagementapp\debug\industryengagementapp.ilk
c:\users\jjbrewer\documents\gitkraken\industry\industryengagement\industryengagementapp\debug\industryengagementapp.pdb
c:\users\jjbrewer\documents\gitkraken\industryengagement\industryengagement\industryengagementapp\debug\gameinfo.obj
c:\users\jjbrewer\documents\gitkraken\industryengagement\industryengagement\industryengagementapp\debug\industryengagementapp.obj
c:\users\jjbrewer\documents\gitkraken\industryengagement\industryengagement\industryengagementapp\debug\industryengagementapp.ilk
c:\users\jjbrewer\documents\gitkraken\industryengagement\industryengagement\industryengagementapp\debug\vc142.idb
c:\users\jjbrewer\documents\gitkraken\industryengagement\industryengagement\industryengagementapp\debug\industryengagementapp.pdb
c:\users\jjbrewer\documents\gitkraken\industryengagement\industryengagement\industryengagementapp\debug\vc142.pdb
c:\users\jjbrewer\documents\gitkraken\industryengagement\industryengagement\industryengagementapp\debug\industryengagementapp.exe
c:\users\jjbrewer\documents\gitkraken\industryengagement\industryengagement\industryengagementapp\debug\industry.2b6bc4d8.tlog\cl.command.1.tlog
c:\users\jjbrewer\documents\gitkraken\industryengagement\industryengagement\industryengagementapp\debug\industry.2b6bc4d8.tlog\cl.read.1.tlog
c:\users\jjbrewer\documents\gitkraken\industryengagement\industryengagement\industryengagementapp\debug\industry.2b6bc4d8.tlog\cl.write.1.tlog
c:\users\jjbrewer\documents\gitkraken\industryengagement\industryengagement\industryengagementapp\debug\industry.2b6bc4d8.tlog\link.command.1.tlog
c:\users\jjbrewer\documents\gitkraken\industryengagement\industryengagement\industryengagementapp\debug\industry.2b6bc4d8.tlog\link.read.1.tlog
c:\users\jjbrewer\documents\gitkraken\industryengagement\industryengagement\industryengagementapp\debug\industry.2b6bc4d8.tlog\link.write.1.tlog
